  Aircraft_Animation.cpp
C:\Users\Kilgore\source\repos\Anim_Assignment_3\Curve.h(31,11): warning C4244: 'initializing': conversion from 'double' to 'float', possible loss of data
C:\Users\Kilgore\source\repos\Anim_Assignment_3\Curve.h(65,12): warning C4244: 'initializing': conversion from 'double' to 'float', possible loss of data
C:\Users\Kilgore\source\repos\Anim_Assignment_3\Aircraft_Animation.cpp(50,31): warning C4244: '=': conversion from '_Rep' to 'float', possible loss of data
          with
          [
              _Rep=double
          ]
C:\Users\Kilgore\source\repos\Anim_Assignment_3\Aircraft_Animation.cpp(86,12): warning C4244: 'initializing': conversion from 'double' to 'float', possible loss of data
  Curve.cpp
C:\Users\Kilgore\source\repos\Anim_Assignment_3\Curve.h(31,11): warning C4244: 'initializing': conversion from 'double' to 'float', possible loss of data
C:\Users\Kilgore\source\repos\Anim_Assignment_3\Curve.h(65,12): warning C4244: 'initializing': conversion from 'double' to 'float', possible loss of data
  Renderer.cpp
C:\Users\Kilgore\source\repos\Anim_Assignment_3\Shader.h(51,10): warning C4101: 'info_log': unreferenced local variable
C:\Users\Kilgore\source\repos\Anim_Assignment_3\Object.h(79,1): warning C4267: 'initializing': conversion from 'size_t' to 'int', possible loss of data
C:\Users\Kilgore\source\repos\Anim_Assignment_3\Object.h(173,1): warning C4305: 'argument': truncation from 'int' to 'T'
          with
          [
              T=float
          ]
C:\Users\Kilgore\source\repos\Anim_Assignment_3\Curve.h(31,11): warning C4244: 'initializing': conversion from 'double' to 'float', possible loss of data
C:\Users\Kilgore\source\repos\Anim_Assignment_3\Curve.h(65,12): warning C4244: 'initializing': conversion from 'double' to 'float', possible loss of data
C:\Users\Kilgore\source\repos\Anim_Assignment_3\Renderer.cpp(328,24): warning C4244: 'initializing': conversion from 'double' to 'GLfloat', possible loss of data
C:\Users\Kilgore\source\repos\Anim_Assignment_3\Renderer.cpp(376,60): warning C4267: 'argument': conversion from 'size_t' to 'GLsizei', possible loss of data
C:\Users\Kilgore\source\repos\Anim_Assignment_3\Renderer.cpp(386,60): warning C4267: 'argument': conversion from 'size_t' to 'GLsizei', possible loss of data
C:\Users\Kilgore\source\repos\Anim_Assignment_3\Renderer.cpp(391,60): warning C4267: 'argument': conversion from 'size_t' to 'GLsizei', possible loss of data
C:\Users\Kilgore\source\repos\Anim_Assignment_3\Renderer.cpp(398,56): warning C4267: 'argument': conversion from 'size_t' to 'GLsizei', possible loss of data
  main.cpp
C:\Users\Kilgore\source\repos\Anim_Assignment_3\Shader.h(51,10): warning C4101: 'info_log': unreferenced local variable
C:\Users\Kilgore\source\repos\Anim_Assignment_3\Object.h(79,1): warning C4267: 'initializing': conversion from 'size_t' to 'int', possible loss of data
C:\Users\Kilgore\source\repos\Anim_Assignment_3\Object.h(173,1): warning C4305: 'argument': truncation from 'int' to 'T'
          with
          [
              T=float
          ]
C:\Users\Kilgore\source\repos\Anim_Assignment_3\Curve.h(31,11): warning C4244: 'initializing': conversion from 'double' to 'float', possible loss of data
C:\Users\Kilgore\source\repos\Anim_Assignment_3\Curve.h(65,12): warning C4244: 'initializing': conversion from 'double' to 'float', possible loss of data
LINK : warning LNK4098: defaultlib 'LIBCMT' conflicts with use of other libs; use /NODEFAULTLIB:library
  Generating code
  3 of 1503 functions ( 0.2%) were compiled, the rest were copied from previous compilation.
    0 functions were new in current compilation
    2 functions had inline decision re-evaluated but remain unchanged
  Finished generating code
glew32s.lib(glew.obj) : warning LNK4099: PDB 'vc120.pdb' was not found with 'glew32s.lib(glew.obj)' or at 'C:\Users\Kilgore\source\repos\Anim_Assignment_3\x64\Release\vc120.pdb'; linking object as if no debug info
  Anim_Assignment_3.vcxproj -> C:\Users\Kilgore\source\repos\Anim_Assignment_3\x64\Release\Anim_Assignment_3.exe
